# JRE version: OpenJDK Runtime Environment (17.0.11) (build 17.0.11+0--11852314)
# Java VM: OpenJDK 64-Bit Server VM (17.0.11+0--11852314, mixed mode, tiered, compressed oops, compressed class ptrs, g1 gc, windows-amd64)
GC Precious Log:
 CPUs: 12 total, 12 available
 Memory: 7496M
 Large Page Support: Disabled
 NUMA Support: Disabled
 Compressed Oops: Enabled (32-bit)
 Heap Region Size: 1M
 Heap Min Capacity: 8M
 Heap Initial Capacity: 118M
 Heap Max Capacity: 2G
 Pre-touch: Disabled
 Parallel Workers: 10
 Concurrent Workers: 3
 Concurrent Refinement Workers: 10
 Periodic GC: Disabled
Heap:
 garbage-first heap   total 228352K, used 150412K [0x0000000080000000, 0x0000000100000000)
  region size 1024K, 2 young (2048K), 2 survivors (2048K)
 Metaspace       used 110056K, committed 110848K, reserved 1179648K
  class space    used 14957K, committed 15360K, reserved 1048576K
GC Heap History (20 events):
Event: 22.901 GC heap after
{Heap after GC invocations=34 (full 0):
 garbage-first heap   total 228352K, used 96276K [0x0000000080000000, 0x0000000100000000)
  region size 1024K, 9 young (9216K), 9 survivors (9216K)
 Metaspace       used 96672K, committed 97344K, reserved 1179648K
  class space    used 13431K, committed 13760K, reserved 1048576K
}
Event: 23.261 GC heap before
{Heap before GC invocations=34 (full 0):
 garbage-first heap   total 228352K, used 115732K [0x0000000080000000, 0x0000000100000000)
  region size 1024K, 29 young (29696K), 9 survivors (9216K)
 Metaspace       used 97850K, committed 98560K, reserved 1179648K
  class space    used 13591K, committed 13952K, reserved 1048576K
}
Event: 23.267 GC heap after
{Heap after GC invocations=35 (full 0):
 garbage-first heap   total 228352K, used 98080K [0x0000000080000000, 0x0000000100000000)
  region size 1024K, 7 young (7168K), 7 survivors (7168K)
 Metaspace       used 97850K, committed 98560K, reserved 1179648K
  class space    used 13591K, committed 13952K, reserved 1048576K
}
Event: 24.484 GC heap before
{Heap before GC invocations=36 (full 0):
 garbage-first heap   total 228352K, used 182048K [0x0000000080000000, 0x0000000100000000)
  region size 1024K, 89 young (91136K), 7 survivors (7168K)
 Metaspace       used 100523K, committed 101312K, reserved 1179648K
  class space    used 14035K, committed 14400K, reserved 1048576K
}
Event: 24.494 GC heap after
{Heap after GC invocations=37 (full 0):
 garbage-first heap   total 228352K, used 104432K [0x0000000080000000, 0x0000000100000000)
  region size 1024K, 12 young (12288K), 12 survivors (12288K)
 Metaspace       used 100523K, committed 101312K, reserved 1179648K
  class space    used 14035K, committed 14400K, reserved 1048576K
}
Event: 24.510 GC heap before
{Heap before GC invocations=37 (full 0):
 garbage-first heap   total 228352K, used 105456K [0x0000000080000000, 0x0000000100000000)
  region size 1024K, 13 young (13312K), 12 survivors (12288K)
 Metaspace       used 100575K, committed 101312K, reserved 1179648K
  class space    used 14045K, committed 14400K, reserved 1048576K
}
Event: 24.517 GC heap after
{Heap after GC invocations=38 (full 0):
 garbage-first heap   total 228352K, used 104832K [0x0000000080000000, 0x0000000100000000)
  region size 1024K, 2 young (2048K), 2 survivors (2048K)
 Metaspace       used 100575K, committed 101312K, reserved 1179648K
  class space    used 14045K, committed 14400K, reserved 1048576K
}
Event: 26.830 GC heap before
{Heap before GC invocations=38 (full 0):
 garbage-first heap   total 228352K, used 196992K [0x0000000080000000, 0x0000000100000000)
  region size 1024K, 79 young (80896K), 2 survivors (2048K)
 Metaspace       used 104035K, committed 104832K, reserved 1179648K
  class space    used 14373K, committed 14784K, reserved 1048576K
}
Event: 26.840 GC heap after
{Heap after GC invocations=39 (full 0):
 garbage-first heap   total 228352K, used 127725K [0x0000000080000000, 0x0000000100000000)
  region size 1024K, 10 young (10240K), 10 survivors (10240K)
 Metaspace       used 104035K, committed 104832K, reserved 1179648K
  class space    used 14373K, committed 14784K, reserved 1048576K
}
Event: 27.808 GC heap before
{Heap before GC invocations=39 (full 0):
 garbage-first heap   total 228352K, used 181997K [0x0000000080000000, 0x0000000100000000)
  region size 1024K, 56 young (57344K), 10 survivors (10240K)
 Metaspace       used 104787K, committed 105536K, reserved 1179648K
  class space    used 14443K, committed 14784K, reserved 1048576K
}
Event: 27.817 GC heap after
{Heap after GC invocations=40 (full 0):
 garbage-first heap   total 228352K, used 136192K [0x0000000080000000, 0x0000000100000000)
  region size 1024K, 7 young (7168K), 7 survivors (7168K)
 Metaspace       used 104787K, committed 105536K, reserved 1179648K
  class space    used 14443K, committed 14784K, reserved 1048576K
}
Event: 28.263 GC heap before
{Heap before GC invocations=40 (full 0):
 garbage-first heap   total 228352K, used 195584K [0x0000000080000000, 0x0000000100000000)
  region size 1024K, 49 young (50176K), 7 survivors (7168K)
 Metaspace       used 105324K, committed 106112K, reserved 1179648K
  class space    used 14504K, committed 14912K, reserved 1048576K
}
Event: 28.271 GC heap after
{Heap after GC invocations=41 (full 0):
 garbage-first heap   total 228352K, used 141445K [0x0000000080000000, 0x0000000100000000)
  region size 1024K, 5 young (5120K), 5 survivors (5120K)
 Metaspace       used 105324K, committed 106112K, reserved 1179648K
  class space    used 14504K, committed 14912K, reserved 1048576K
}
Event: 28.560 GC heap before
{Heap before GC invocations=41 (full 0):
 garbage-first heap   total 228352K, used 181381K [0x0000000080000000, 0x0000000100000000)
  region size 1024K, 45 young (46080K), 5 survivors (5120K)
 Metaspace       used 107526K, committed 108352K, reserved 1179648K
  class space    used 14704K, committed 15104K, reserved 1048576K
}
Event: 28.565 GC heap after
{Heap after GC invocations=42 (full 0):
 garbage-first heap   total 228352K, used 146773K [0x0000000080000000, 0x0000000100000000)
  region size 1024K, 6 young (6144K), 6 survivors (6144K)
 Metaspace       used 107526K, committed 108352K, reserved 1179648K
  class space    used 14704K, committed 15104K, reserved 1048576K
}
Event: 28.731 GC heap before
{Heap before GC invocations=42 (full 0):
 garbage-first heap   total 228352K, used 184661K [0x0000000080000000, 0x0000000100000000)
  region size 1024K, 44 young (45056K), 6 survivors (6144K)
 Metaspace       used 108739K, committed 109568K, reserved 1179648K
  class space    used 14825K, committed 15232K, reserved 1048576K
}
Event: 28.736 GC heap after
{Heap after GC invocations=43 (full 0):
 garbage-first heap   total 228352K, used 149777K [0x0000000080000000, 0x0000000100000000)
  region size 1024K, 4 young (4096K), 4 survivors (4096K)
 Metaspace       used 108739K, committed 109568K, reserved 1179648K
  class space    used 14825K, committed 15232K, reserved 1048576K
}
Event: 28.850 GC heap before
{Heap before GC invocations=43 (full 0):
 garbage-first heap   total 228352K, used 187665K [0x0000000080000000, 0x0000000100000000)
  region size 1024K, 41 young (41984K), 4 survivors (4096K)
 Metaspace       used 108982K, committed 109824K, reserved 1179648K
  class space    used 14839K, committed 15232K, reserved 1048576K
}
Event: 28.854 GC heap after
{Heap after GC invocations=44 (full 0):
 garbage-first heap   total 228352K, used 151286K [0x0000000080000000, 0x0000000100000000)
  region size 1024K, 3 young (3072K), 3 survivors (3072K)
 Metaspace       used 108982K, committed 109824K, reserved 1179648K
  class space    used 14839K, committed 15232K, reserved 1048576K
}
Event: 29.064 GC heap before
{Heap before GC invocations=44 (full 0):
 garbage-first heap   total 228352K, used 189174K [0x0000000080000000, 0x0000000100000000)
  region size 1024K, 40 young (40960K), 3 survivors (3072K)
 Metaspace       used 110056K, committed 110848K, reserved 1179648K
  class space    used 14957K, committed 15360K, reserved 1048576K
}

