# JRE version: OpenJDK Runtime Environment (17.0.11) (build 17.0.11+0--11852314)
# Java VM: OpenJDK 64-Bit Server VM (17.0.11+0--11852314, mixed mode, tiered, compressed oops, compressed class ptrs, g1 gc, windows-amd64)
GC Precious Log:
 CPUs: 12 total, 12 available
 Memory: 7496M
 Large Page Support: Disabled
 NUMA Support: Disabled
 Compressed Oops: Enabled (32-bit)
 Heap Region Size: 1M
 Heap Min Capacity: 8M
 Heap Initial Capacity: 118M
 Heap Max Capacity: 2G
 Pre-touch: Disabled
 Parallel Workers: 10
 Concurrent Workers: 3
 Concurrent Refinement Workers: 10
 Periodic GC: Disabled
Heap:
 garbage-first heap   total 245760K, used 147933K [0x0000000080000000, 0x0000000100000000)
  region size 1024K, 5 young (5120K), 5 survivors (5120K)
 Metaspace       used 114447K, committed 115392K, reserved 1179648K
  class space    used 15526K, committed 16000K, reserved 1048576K
GC Heap History (20 events):
Event: 520.187 GC heap after
{Heap after GC invocations=67 (full 0):
 garbage-first heap   total 229376K, used 120202K [0x0000000080000000, 0x0000000100000000)
  region size 1024K, 9 young (9216K), 9 survivors (9216K)
 Metaspace       used 107984K, committed 108800K, reserved 1179648K
  class space    used 14880K, committed 15296K, reserved 1048576K
}
Event: 521.306 GC heap before
{Heap before GC invocations=67 (full 0):
 garbage-first heap   total 229376K, used 133514K [0x0000000080000000, 0x0000000100000000)
  region size 1024K, 24 young (24576K), 9 survivors (9216K)
 Metaspace       used 108092K, committed 108928K, reserved 1179648K
  class space    used 14884K, committed 15296K, reserved 1048576K
}
Event: 521.440 GC heap after
{Heap after GC invocations=68 (full 0):
 garbage-first heap   total 229376K, used 122285K [0x0000000080000000, 0x0000000100000000)
  region size 1024K, 3 young (3072K), 3 survivors (3072K)
 Metaspace       used 108092K, committed 108928K, reserved 1179648K
  class space    used 14884K, committed 15296K, reserved 1048576K
}
Event: 946.409 GC heap before
{Heap before GC invocations=69 (full 0):
 garbage-first heap   total 245760K, used 211373K [0x0000000080000000, 0x0000000100000000)
  region size 1024K, 61 young (62464K), 3 survivors (3072K)
 Metaspace       used 108419K, committed 109312K, reserved 1179648K
  class space    used 14913K, committed 15360K, reserved 1048576K
}
Event: 946.561 GC heap after
{Heap after GC invocations=70 (full 0):
 garbage-first heap   total 245760K, used 125702K [0x0000000080000000, 0x0000000100000000)
  region size 1024K, 6 young (6144K), 6 survivors (6144K)
 Metaspace       used 108419K, committed 109312K, reserved 1179648K
  class space    used 14913K, committed 15360K, reserved 1048576K
}
Event: 947.379 GC heap before
{Heap before GC invocations=70 (full 0):
 garbage-first heap   total 245760K, used 131846K [0x0000000080000000, 0x0000000100000000)
  region size 1024K, 12 young (12288K), 6 survivors (6144K)
 Metaspace       used 108454K, committed 109312K, reserved 1179648K
  class space    used 14913K, committed 15360K, reserved 1048576K
}
Event: 947.510 GC heap after
{Heap after GC invocations=71 (full 0):
 garbage-first heap   total 245760K, used 125615K [0x0000000080000000, 0x0000000100000000)
  region size 1024K, 2 young (2048K), 2 survivors (2048K)
 Metaspace       used 108454K, committed 109312K, reserved 1179648K
  class space    used 14913K, committed 15360K, reserved 1048576K
}
Event: 952.784 GC heap before
{Heap before GC invocations=71 (full 0):
 garbage-first heap   total 245760K, used 149167K [0x0000000080000000, 0x0000000100000000)
  region size 1024K, 27 young (27648K), 2 survivors (2048K)
 Metaspace       used 108889K, committed 109824K, reserved 1179648K
  class space    used 14963K, committed 15424K, reserved 1048576K
}
Event: 952.820 GC heap after
{Heap after GC invocations=72 (full 0):
 garbage-first heap   total 245760K, used 128331K [0x0000000080000000, 0x0000000100000000)
  region size 1024K, 5 young (5120K), 5 survivors (5120K)
 Metaspace       used 108889K, committed 109824K, reserved 1179648K
  class space    used 14963K, committed 15424K, reserved 1048576K
}
Event: 956.267 GC heap before
{Heap before GC invocations=73 (full 0):
 garbage-first heap   total 245760K, used 211275K [0x0000000080000000, 0x0000000100000000)
  region size 1024K, 71 young (72704K), 5 survivors (5120K)
 Metaspace       used 112076K, committed 112960K, reserved 1179648K
  class space    used 15282K, committed 15744K, reserved 1048576K
}
Event: 956.296 GC heap after
{Heap after GC invocations=74 (full 0):
 garbage-first heap   total 245760K, used 126795K [0x0000000080000000, 0x0000000100000000)
  region size 1024K, 6 young (6144K), 6 survivors (6144K)
 Metaspace       used 112076K, committed 112960K, reserved 1179648K
  class space    used 15282K, committed 15744K, reserved 1048576K
}
Event: 956.425 GC heap before
{Heap before GC invocations=74 (full 0):
 garbage-first heap   total 245760K, used 132939K [0x0000000080000000, 0x0000000100000000)
  region size 1024K, 12 young (12288K), 6 survivors (6144K)
 Metaspace       used 112549K, committed 113536K, reserved 1179648K
  class space    used 15329K, committed 15808K, reserved 1048576K
}
Event: 956.495 GC heap after
{Heap after GC invocations=75 (full 0):
 garbage-first heap   total 245760K, used 116672K [0x0000000080000000, 0x0000000100000000)
  region size 1024K, 2 young (2048K), 2 survivors (2048K)
 Metaspace       used 112549K, committed 113536K, reserved 1179648K
  class space    used 15329K, committed 15808K, reserved 1048576K
}
Event: 974.228 GC heap before
{Heap before GC invocations=75 (full 0):
 garbage-first heap   total 245760K, used 182208K [0x0000000080000000, 0x0000000100000000)
  region size 1024K, 68 young (69632K), 2 survivors (2048K)
 Metaspace       used 114100K, committed 115008K, reserved 1179648K
  class space    used 15505K, committed 15936K, reserved 1048576K
}
Event: 974.333 GC heap after
{Heap after GC invocations=76 (full 0):
 garbage-first heap   total 245760K, used 120498K [0x0000000080000000, 0x0000000100000000)
  region size 1024K, 5 young (5120K), 5 survivors (5120K)
 Metaspace       used 114100K, committed 115008K, reserved 1179648K
  class space    used 15505K, committed 15936K, reserved 1048576K
}
Event: 1101.030 GC heap before
{Heap before GC invocations=77 (full 0):
 garbage-first heap   total 245760K, used 211634K [0x0000000080000000, 0x0000000100000000)
  region size 1024K, 82 young (83968K), 5 survivors (5120K)
 Metaspace       used 114414K, committed 115392K, reserved 1179648K
  class space    used 15526K, committed 16000K, reserved 1048576K
}
Event: 1101.437 GC heap after
{Heap after GC invocations=78 (full 0):
 garbage-first heap   total 245760K, used 127563K [0x0000000080000000, 0x0000000100000000)
  region size 1024K, 10 young (10240K), 10 survivors (10240K)
 Metaspace       used 114414K, committed 115392K, reserved 1179648K
  class space    used 15526K, committed 16000K, reserved 1048576K
}
Event: 1101.739 GC heap before
{Heap before GC invocations=78 (full 0):
 garbage-first heap   total 245760K, used 129611K [0x0000000080000000, 0x0000000100000000)
  region size 1024K, 12 young (12288K), 10 survivors (10240K)
 Metaspace       used 114419K, committed 115392K, reserved 1179648K
  class space    used 15526K, committed 16000K, reserved 1048576K
}
Event: 1102.384 GC heap after
{Heap after GC invocations=79 (full 0):
 garbage-first heap   total 245760K, used 126921K [0x0000000080000000, 0x0000000100000000)
  region size 1024K, 2 young (2048K), 2 survivors (2048K)
 Metaspace       used 114419K, committed 115392K, reserved 1179648K
  class space    used 15526K, committed 16000K, reserved 1048576K
}
Event: 1105.159 GC heap before
{Heap before GC invocations=79 (full 0):
 garbage-first heap   total 245760K, used 162761K [0x0000000080000000, 0x0000000100000000)
  region size 1024K, 37 young (37888K), 2 survivors (2048K)
 Metaspace       used 114447K, committed 115392K, reserved 1179648K
  class space    used 15526K, committed 16000K, reserved 1048576K
}

